<?xml version="1.0" encoding="UTF-8"?>
<testsuites>
	<testsuite errors="0" failures="0" name="InterfaceTest-20181212231342" skipped="0" tests="3" time="2.806" timestamp="2018-12-12T23:13:44">
		<testcase classname="InterfaceTest" name="test_run_casess_00001_1" time="0.044" timestamp="2018-12-12T23:13:42"/>
		<testcase classname="InterfaceTest" name="test_run_casess_00002_2" time="1.440" timestamp="2018-12-12T23:13:43"/>
		<testcase classname="InterfaceTest" name="test_run_casess_00003_3" time="1.322" timestamp="2018-12-12T23:13:44"/>
		<system-out>
<![CDATA[URL http://www.baidu.com
方法 get
URL https://api.github.com/events
方法 get
URL https://api.github.com/events
方法 get
]]>		</system-out>
		<system-err>
<![CDATA[]]>		</system-err>
	</testsuite>
</testsuites>
