<?xml version="1.0" encoding="UTF-8"?>
<testsuites>
	<testsuite errors="0" failures="0" name="MyTest-20181206221115" skipped="0" tests="2" time="1.930" timestamp="2018-12-06T22:11:17">
		<testcase classname="MyTest" name="test_dicts_extracted_into_kwargs_1" time="0.495" timestamp="2018-12-06T22:11:15"/>
		<testcase classname="MyTest" name="test_dicts_extracted_into_kwargs_2" time="1.435" timestamp="2018-12-06T22:11:17"/>
		<system-out>
<![CDATA[]]>		</system-out>
		<system-err>
<![CDATA[]]>		</system-err>
	</testsuite>
</testsuites>
